nohup: ignoring input
Setting up watches.  Beware: since -r was given, this may take a while!
Watches established.
./ MODIFY monitor_spoolman.log
./monitor_spoolman.sh: line 11: backup_spoolman.sh: command not found
Setting up watches.  Beware: since -r was given, this may take a while!
Watches established.
./ MODIFY monitor_spoolman.log
./monitor_spoolman.sh: line 11: backup_spoolman.sh: command not found
Setting up watches.  Beware: since -r was given, this may take a while!
Watches established.
./ MODIFY monitor_spoolman.log
./monitor_spoolman.sh: line 11: backup_spoolman.sh: command not found
Setting up watches.  Beware: since -r was given, this may take a while!
Watches established.
./ MODIFY monitor_spoolman.log
./monitor_spoolman.sh: line 11: backup_spoolman.sh: command not found
Setting up watches.  Beware: since -r was given, this may take a while!
Watches established.
./ MODIFY monitor_spoolman.log
./monitor_spoolman.sh: line 11: backup_spoolman.sh: command not found
Setting up watches.  Beware: since -r was given, this may take a while!
Watches established.
./ MODIFY monitor_spoolman.log
./monitor_spoolman.sh: line 11: backup_spoolman.sh: command not found
Setting up watches.  Beware: since -r was given, this may take a while!
Watches established.
./ MODIFY monitor_spoolman.log
./monitor_spoolman.sh: line 11: backup_spoolman.sh: command not found
Setting up watches.  Beware: since -r was given, this may take a while!
Watches established.
./ MODIFY monitor_spoolman.log
./monitor_spoolman.sh: line 11: backup_spoolman.sh: command not found
Setting up watches.  Beware: since -r was given, this may take a while!
Watches established.
./ MODIFY monitor_spoolman.log
./monitor_spoolman.sh: line 11: backup_spoolman.sh: command not found
Setting up watches.  Beware: since -r was given, this may take a while!
Watches established.
./ MODIFY monitor_spoolman.log
./monitor_spoolman.sh: line 11: backup_spoolman.sh: command not found
Setting up watches.  Beware: since -r was given, this may take a while!
Watches established.
./ MODIFY monitor_spoolman.log
./monitor_spoolman.sh: line 11: backup_spoolman.sh: command not found
Setting up watches.  Beware: since -r was given, this may take a while!
Watches established.
./ MODIFY monitor_spoolman.log
./monitor_spoolman.sh: line 11: backup_spoolman.sh: command not found
Setting up watches.  Beware: since -r was given, this may take a while!
Watches established.
./ MODIFY monitor_spoolman.log
./monitor_spoolman.sh: line 11: backup_spoolman.sh: command not found
Setting up watches.  Beware: since -r was given, this may take a while!
Watches established.
./ MODIFY monitor_spoolman.log
./monitor_spoolman.sh: line 11: backup_spoolman.sh: command not found
Setting up watches.  Beware: since -r was given, this may take a while!
Watches established.
./ MODIFY monitor_spoolman.log
./monitor_spoolman.sh: line 11: backup_spoolman.sh: command not found
Setting up watches.  Beware: since -r was given, this may take a while!
Watches established.
./ MODIFY monitor_spoolman.log
./monitor_spoolman.sh: line 11: backup_spoolman.sh: command not found
Setting up watches.  Beware: since -r was given, this may take a while!
Watches established.
./ MODIFY monitor_spoolman.log
./monitor_spoolman.sh: line 11: backup_spoolman.sh: command not found
Setting up watches.  Beware: since -r was given, this may take a while!
Watches established.
./ MODIFY monitor_spoolman.log
./monitor_spoolman.sh: line 11: backup_spoolman.sh: command not found
Setting up watches.  Beware: since -r was given, this may take a while!
Watches established.
./ MODIFY monitor_spoolman.log
./monitor_spoolman.sh: line 11: backup_spoolman.sh: command not found
Setting up watches.  Beware: since -r was given, this may take a while!
Watches established.
./ MODIFY monitor_spoolman.log
./monitor_spoolman.sh: line 11: backup_spoolman.sh: command not found
Setting up watches.  Beware: since -r was given, this may take a while!
Watches established.
./ MODIFY monitor_spoolman.log
./monitor_spoolman.sh: line 11: backup_spoolman.sh: command not found
Setting up watches.  Beware: since -r was given, this may take a while!
Watches established.
./ MODIFY monitor_spoolman.log
./monitor_spoolman.sh: line 11: backup_spoolman.sh: command not found
Setting up watches.  Beware: since -r was given, this may take a while!
Watches established.
./ MODIFY monitor_spoolman.log
./monitor_spoolman.sh: line 11: backup_spoolman.sh: command not found
Setting up watches.  Beware: since -r was given, this may take a while!
Watches established.
./ MODIFY monitor_spoolman.log
./monitor_spoolman.sh: line 11: backup_spoolman.sh: command not found
Setting up watches.  Beware: since -r was given, this may take a while!
Watches established.
./ MODIFY monitor_spoolman.log
./monitor_spoolman.sh: line 11: backup_spoolman.sh: command not found
Setting up watches.  Beware: since -r was given, this may take a while!
Watches established.
./ MODIFY monitor_spoolman.log
./monitor_spoolman.sh: line 11: backup_spoolman.sh: command not found
Setting up watches.  Beware: since -r was given, this may take a while!
Watches established.
./ MODIFY monitor_spoolman.log
./monitor_spoolman.sh: line 11: backup_spoolman.sh: command not found
Setting up watches.  Beware: since -r was given, this may take a while!
Watches established.
./ MODIFY monitor_spoolman.log
./monitor_spoolman.sh: line 11: backup_spoolman.sh: command not found
Setting up watches.  Beware: since -r was given, this may take a while!
Watches established.
./ MODIFY monitor_spoolman.log
./monitor_spoolman.sh: line 11: backup_spoolman.sh: command not found
Setting up watches.  Beware: since -r was given, this may take a while!
Watches established.
./ MODIFY monitor_spoolman.log
./monitor_spoolman.sh: line 11: backup_spoolman.sh: command not found
Setting up watches.  Beware: since -r was given, this may take a while!
Watches established.
./ MODIFY monitor_spoolman.log
./monitor_spoolman.sh: line 11: backup_spoolman.sh: command not found
Setting up watches.  Beware: since -r was given, this may take a while!
Watches established.
./ MODIFY monitor_spoolman.log
./monitor_spoolman.sh: line 11: backup_spoolman.sh: command not found
Setting up watches.  Beware: since -r was given, this may take a while!
Watches established.
./ MODIFY monitor_spoolman.log
./monitor_spoolman.sh: line 11: backup_spoolman.sh: command not found
Setting up watches.  Beware: since -r was given, this may take a while!
Watches established.
./ MODIFY monitor_spoolman.log
./monitor_spoolman.sh: line 11: backup_spoolman.sh: command not found
Setting up watches.  Beware: since -r was given, this may take a while!
Watches established.
./ MODIFY monitor_spoolman.log
./monitor_spoolman.sh: line 11: backup_spoolman.sh: command not found
Setting up watches.  Beware: since -r was given, this may take a while!
Watches established.
./ MODIFY monitor_spoolman.log
./monitor_spoolman.sh: line 11: backup_spoolman.sh: command not found
Setting up watches.  Beware: since -r was given, this may take a while!
Watches established.
./ MODIFY monitor_spoolman.log
./monitor_spoolman.sh: line 11: backup_spoolman.sh: command not found
Setting up watches.  Beware: since -r was given, this may take a while!
Watches established.
./ MODIFY monitor_spoolman.log
./monitor_spoolman.sh: line 11: backup_spoolman.sh: command not found
Setting up watches.  Beware: since -r was given, this may take a while!
Watches established.
./ MODIFY monitor_spoolman.log
./monitor_spoolman.sh: line 11: backup_spoolman.sh: command not found
Setting up watches.  Beware: since -r was given, this may take a while!
Watches established.
./ MODIFY monitor_spoolman.log
./monitor_spoolman.sh: line 11: backup_spoolman.sh: command not found
Setting up watches.  Beware: since -r was given, this may take a while!
Watches established.
./ MODIFY monitor_spoolman.log
./monitor_spoolman.sh: line 11: backup_spoolman.sh: command not found
Setting up watches.  Beware: since -r was given, this may take a while!
Watches established.
./ MODIFY monitor_spoolman.log
./monitor_spoolman.sh: line 11: backup_spoolman.sh: command not found
Setting up watches.  Beware: since -r was given, this may take a while!
Watches established.
./ MODIFY monitor_spoolman.log
./monitor_spoolman.sh: line 11: backup_spoolman.sh: command not found
Setting up watches.  Beware: since -r was given, this may take a while!
Watches established.
./ MODIFY monitor_spoolman.log
./monitor_spoolman.sh: line 11: backup_spoolman.sh: command not found
Setting up watches.  Beware: since -r was given, this may take a while!
Watches established.
./ MODIFY monitor_spoolman.log
./monitor_spoolman.sh: line 11: backup_spoolman.sh: command not found
Setting up watches.  Beware: since -r was given, this may take a while!
Watches established.
./ MODIFY monitor_spoolman.log
./monitor_spoolman.sh: line 11: backup_spoolman.sh: command not found
Setting up watches.  Beware: since -r was given, this may take a while!
Watches established.
./ MODIFY monitor_spoolman.log
./monitor_spoolman.sh: line 11: backup_spoolman.sh: command not found
Setting up watches.  Beware: since -r was given, this may take a while!
Watches established.
./ MODIFY monitor_spoolman.log
./monitor_spoolman.sh: line 11: backup_spoolman.sh: command not found
Setting up watches.  Beware: since -r was given, this may take a while!
Watches established.
./ MODIFY monitor_spoolman.log
./monitor_spoolman.sh: line 11: backup_spoolman.sh: command not found
Setting up watches.  Beware: since -r was given, this may take a while!
Watches established.
./ MODIFY monitor_spoolman.log
./monitor_spoolman.sh: line 11: backup_spoolman.sh: command not found
Setting up watches.  Beware: since -r was given, this may take a while!
Watches established.
./ MODIFY monitor_spoolman.log
./monitor_spoolman.sh: line 11: backup_spoolman.sh: command not found
Setting up watches.  Beware: since -r was given, this may take a while!
Watches established.
./ MODIFY monitor_spoolman.log
./monitor_spoolman.sh: line 11: backup_spoolman.sh: command not found
Setting up watches.  Beware: since -r was given, this may take a while!
Watches established.
./ MODIFY monitor_spoolman.log
./monitor_spoolman.sh: line 11: backup_spoolman.sh: command not found
Setting up watches.  Beware: since -r was given, this may take a while!
Watches established.
./ MODIFY monitor_spoolman.log
./monitor_spoolman.sh: line 11: backup_spoolman.sh: command not found
Setting up watches.  Beware: since -r was given, this may take a while!
Watches established.
./ MODIFY monitor_spoolman.log
./monitor_spoolman.sh: line 11: backup_spoolman.sh: command not found
Setting up watches.  Beware: since -r was given, this may take a while!
Watches established.
./ MODIFY monitor_spoolman.log
./monitor_spoolman.sh: line 11: backup_spoolman.sh: command not found
Setting up watches.  Beware: since -r was given, this may take a while!
Watches established.
./ MODIFY monitor_spoolman.log
./monitor_spoolman.sh: line 11: backup_spoolman.sh: command not found
Setting up watches.  Beware: since -r was given, this may take a while!
Watches established.
./ MODIFY monitor_spoolman.log
./monitor_spoolman.sh: line 11: backup_spoolman.sh: command not found
Setting up watches.  Beware: since -r was given, this may take a while!
Watches established.
./ MODIFY monitor_spoolman.log
./monitor_spoolman.sh: line 11: backup_spoolman.sh: command not found
Setting up watches.  Beware: since -r was given, this may take a while!
Watches established.
./ MODIFY monitor_spoolman.log
./monitor_spoolman.sh: line 11: backup_spoolman.sh: command not found
Setting up watches.  Beware: since -r was given, this may take a while!
Watches established.
./ MODIFY monitor_spoolman.log
./monitor_spoolman.sh: line 11: backup_spoolman.sh: command not found
Setting up watches.  Beware: since -r was given, this may take a while!
Watches established.
./ MODIFY monitor_spoolman.log
./monitor_spoolman.sh: line 11: backup_spoolman.sh: command not found
Setting up watches.  Beware: since -r was given, this may take a while!
Watches established.
./ MODIFY monitor_spoolman.log
./monitor_spoolman.sh: line 11: backup_spoolman.sh: command not found
Setting up watches.  Beware: since -r was given, this may take a while!
Watches established.
./ MODIFY monitor_spoolman.log
./monitor_spoolman.sh: line 11: backup_spoolman.sh: command not found
Setting up watches.  Beware: since -r was given, this may take a while!
Watches established.
./ MODIFY monitor_spoolman.log
./monitor_spoolman.sh: line 11: backup_spoolman.sh: command not found
Setting up watches.  Beware: since -r was given, this may take a while!
Watches established.
./ MODIFY monitor_spoolman.log
./monitor_spoolman.sh: line 11: backup_spoolman.sh: command not found
Setting up watches.  Beware: since -r was given, this may take a while!
Watches established.
./ MODIFY monitor_spoolman.log
./monitor_spoolman.sh: line 11: backup_spoolman.sh: command not found
Setting up watches.  Beware: since -r was given, this may take a while!
Watches established.
./ MODIFY monitor_spoolman.log
./monitor_spoolman.sh: line 11: backup_spoolman.sh: command not found
Setting up watches.  Beware: since -r was given, this may take a while!
Watches established.
./ MODIFY monitor_spoolman.log
./monitor_spoolman.sh: line 11: backup_spoolman.sh: command not found
Setting up watches.  Beware: since -r was given, this may take a while!
Watches established.
./ MODIFY monitor_spoolman.log
./monitor_spoolman.sh: line 11: backup_spoolman.sh: command not found
Setting up watches.  Beware: since -r was given, this may take a while!
Watches established.
./ MODIFY monitor_spoolman.log
./monitor_spoolman.sh: line 11: backup_spoolman.sh: command not found
Setting up watches.  Beware: since -r was given, this may take a while!
Watches established.
./ MODIFY monitor_spoolman.log
./monitor_spoolman.sh: line 11: backup_spoolman.sh: command not found
Setting up watches.  Beware: since -r was given, this may take a while!
Watches established.
./ MODIFY monitor_spoolman.log
./monitor_spoolman.sh: line 11: backup_spoolman.sh: command not found
Setting up watches.  Beware: since -r was given, this may take a while!
Watches established.
./ MODIFY monitor_spoolman.log
./monitor_spoolman.sh: line 11: backup_spoolman.sh: command not found
Setting up watches.  Beware: since -r was given, this may take a while!
Watches established.
./ MODIFY monitor_spoolman.log
./monitor_spoolman.sh: line 11: backup_spoolman.sh: command not found
Setting up watches.  Beware: since -r was given, this may take a while!
Watches established.
./ MODIFY monitor_spoolman.log
./monitor_spoolman.sh: line 11: backup_spoolman.sh: command not found
Setting up watches.  Beware: since -r was given, this may take a while!
Watches established.
./ MODIFY monitor_spoolman.log
./monitor_spoolman.sh: line 11: backup_spoolman.sh: command not found
Setting up watches.  Beware: since -r was given, this may take a while!
Watches established.
./ MODIFY monitor_spoolman.log
./monitor_spoolman.sh: line 11: backup_spoolman.sh: command not found
Setting up watches.  Beware: since -r was given, this may take a while!
Watches established.
./ MODIFY monitor_spoolman.log
./monitor_spoolman.sh: line 11: backup_spoolman.sh: command not found
Setting up watches.  Beware: since -r was given, this may take a while!
Watches established.
./ MODIFY monitor_spoolman.log
./monitor_spoolman.sh: line 11: backup_spoolman.sh: command not found
Setting up watches.  Beware: since -r was given, this may take a while!
Watches established.
./ MODIFY monitor_spoolman.log
./monitor_spoolman.sh: line 11: backup_spoolman.sh: command not found
Setting up watches.  Beware: since -r was given, this may take a while!
Watches established.
./ MODIFY monitor_spoolman.log
./monitor_spoolman.sh: line 11: backup_spoolman.sh: command not found
Setting up watches.  Beware: since -r was given, this may take a while!
Watches established.
./ MODIFY monitor_spoolman.log
./monitor_spoolman.sh: line 11: backup_spoolman.sh: command not found
Setting up watches.  Beware: since -r was given, this may take a while!
Watches established.
./ MODIFY monitor_spoolman.log
./monitor_spoolman.sh: line 11: backup_spoolman.sh: command not found
Setting up watches.  Beware: since -r was given, this may take a while!
Watches established.
./ MODIFY monitor_spoolman.log
./monitor_spoolman.sh: line 11: backup_spoolman.sh: command not found
Setting up watches.  Beware: since -r was given, this may take a while!
Watches established.
./ MODIFY monitor_spoolman.log
./monitor_spoolman.sh: line 11: backup_spoolman.sh: command not found
Setting up watches.  Beware: since -r was given, this may take a while!
Watches established.
./ MODIFY monitor_spoolman.log
./monitor_spoolman.sh: line 11: backup_spoolman.sh: command not found
Setting up watches.  Beware: since -r was given, this may take a while!
Watches established.
./ MODIFY monitor_spoolman.log
nohup: ignoring input
Setting up watches.  Beware: since -r was given, this may take a while!
Watches established.
./ MODIFY monitor_spoolman.log
./monitor_spoolman.sh: line 11: backup_spoolman.sh: command not found
Setting up watches.  Beware: since -r was given, this may take a while!
Watches established.
./ MODIFY monitor_spoolman.log
 M monitor_spoolman.log
?? backups/spoolman_db_20250401_195841.sql
